<?xml version="1.0" encoding="UTF-8"?>
<testsuite xmlns:xsi="http://www.w3.org/2001/XMLSchema-instance" xsi:noNamespaceSchemaLocation="https://maven.apache.org/surefire/maven-surefire-plugin/xsd/surefire-test-report-3.0.xsd" version="3.0" name="com.amazon.tests.AmazonTest" time="100.675" tests="1" errors="0" skipped="0" failures="0">
  <properties>
[...]
</properties>
  <testcase name="testAmazonShoppingFlow" classname="com.amazon.tests.AmazonTest" time="78.758">
    <system-out><![CDATA[Starting addAffordableItemsToCart test...
Normal click failed. Trying JavaScript click for: By.xpath: //li//a[text()='All Video Games']
Element not found within the given wait time: By.xpath: //*[@id='nav-cart-count' and text()='1']
Dialog did not appear, continuing normally.
Added item: Samsung R960 Galaxy Watch 6 Classic 47mm, Silver with price: 12500.0
Added item: JBL Quantum ONE Over Ear Gaming Headset with Noise Canceling and Microphone - Black, Wired with price: 12099.0
Added item: Nintendo Switch Lite (Coral) with price: 11900.0
Added item: PXN-V99 Gaming steering wheel, 270/900°3nm force feedback Racing steering wheel, disassembly, with Hall magnetic induction pedal, 6+1 gear shift rod game racing steering wheel for PS4/PS3/Xbox One, with price: 11809.0
Added item: Razer BlackWidow V4 75% Mechanical Gaming Keyboard: Hot Swappable Design - Compact & Durable - Orange Tactile Switches - Chroma RGB - Roller & Media Keys - Wrist Rest - Snap Tap - White with price: 10999.0
Added item: SAMSUNG 32 Inch Odyssey G5 Gaming Monitor with 1000R Curved Screen, 144Hz, 1ms, FreeSync Premium, QHD (LC32G55TQWMXZN), Black with price: 10499.0
Added item: Gigabyte GIGBAYTE B760 DS3H AX with price: 10499.0
Added item: ASTRO Gaming A40 TR Wired Headset + MixAmp Pro TR with Dolby Audio for PlayStation 5, PlayStation 4, PC, Mac - Black/Blue (Renewed) with price: 9999.0
Added item: BenQ ZOWIE XL2411K 24 inch 144Hz Esports Gaming Monitor | Dynamic Accuracy & Black eQualizer & Color Vibrance | XL Settings to Share | Height Adjustable Stand,Dark Grey with price: 8990.0
Added item: Razer Kraken V3 Wired USB Gaming Headset: Triforce Titanium 50mm Drivers - THX Spatial Audio - Chroma RGB Lighting - Hybrid Fabric & Leatherette Memory Foam Cushions - Detachable HyperClear Mic with price: 8500.0
Added item: Razer BlackWidow V4 X - Fortnite Edition Mechanical Gaming Keyboard with RGB (Yellow Switches, 6 custom macro keys, Doubleshot ABS keycaps) QWERTY US-Layout | Fortnite with price: 8499.0
Added item: HP OMEN Mindframe2 BLK Headset, Wired with price: 8206.0
Added item: Logitech Brio 500 Full HD Webcam with Auto Light Correction, show Mode, Dual Noise Reduction Mics, Webcam Privacy Cover, Works with Microsoft Teams, Google Meet, Zoom, USB-C Cable, Streaming -Graphite with price: 8200.0
Added item: Razer DeathAdder V3 Pro Wireless Gaming Mouse: 64g Ultra Lightweight - Focus Pro 30K Optical Sensor - Fast Optical Switches Gen-3 - HyperSpeed Wireless - 5 Programmable Buttons - 90 Hr Battery - White with price: 7999.0
Added item: Razer Basilisk V3 Pro - Customizable Wireless Gaming Mouse with Razer HyperScroll Tilt Wheel (Focus Pro 30K Optical Sensor, 13-Zone Chroma Lighting, 10+1 Programmable Buttons) White with price: 7999.0
Added item: WD BLACK P10 Game Drive - 5TB External Hard Drive for Gaming, USB 3.2, Up to 130MB/s Speed, Compatible with PC, PlayStation, and Xbox with price: 7703.0
Added item: LEVOIT Top Fill Humidifiers for Bedroom (2.5L Large Tank), Cool Mist Ultrasonic Air Humidifier for Home Baby Nursery & Plants, Auto Shut-off and BPA-Free for Safety, Quiet, Knob Control, 360° Nozzle with price: 7700.0
Added item: Razer Huntsman V2 TKL Tenkeyless Gaming Keyboard: Fast Clicky Optical Switches w/Quick Keystrokes & 8000Hz Polling Rate - Detachable Type-C Cable - Doubleshot PBT Keycaps - Ergonomic Wrist Rest with price: 7499.0
Added item: Razer Huntsman Elite Gaming Keyboard Optical Switch Purple Switches Ever Clicky - Chroma RGB Lighting - Magnetic Plush Wrist Rest - Dedicated Media Keys & Dial with price: 7499.0
Added item: Razer Huntsman Mini (Analog Switch) - 60% Compact Gaming Keyboard (Analog Switches, Doubleshot PBT Keycaps, Detachable USB-C Cable) US Layout | Black with price: 7499.0
Added item: Razer Seiren V3 Chroma - RGB USB Microphone - Supercardioid Condenser Microphone with Tap-to-Mute (Reactive Lighting, Digital Gain Limiter and Integrated Shock Absorber) White with price: 7499.0
Added item: Logitech G PRO X Gaming Headset (2nd Generation) with Blue Voice, DTS Headphone 7.1 and 50 mm PRO-G Drivers, for PC, Xbox One, Xbox Series X|S,PS5,PS4, Nintendo Switch - Black with price: 7499.0
Added item: WD_BLACK P10 Game Drive 4TB - for On-The-Go Access To Your Game Library - Works with Console or PC with price: 7479.0
Added item: Razer BlackWidow V3 Mechanical Gaming Keyboard: Yellow Mechanical Switches - Linear & Silent - Chroma RGB Lighting - Compact Form Factor - Programmable Macro Functionality, Classic Black with price: 6999.0
Added item: Razer BlackWidow V3 Mechanical Gaming Keyboard: Green Mechanical Switches - Tactile & Clicky - Chroma RGB Lighting - Compact Form Factor - Programmable Macro Functionality, Classic Black with price: 6999.0
Added item: Razer Cobra Pro - Customizable Wireless Gaming Mouse with Razer Chroma RGB (10 Customizable Controls, 11-Zone Chroma Lighting, Focus Pro 30K Optical Sensor, HyperSpeed Wireless) Black with price: 6999.0
Added item: PUMA Girl's Carina 2.0 Trolls Ps Sneaker with price: 6679.0
Added item: Razer Huntsman Mini Linear Optical Switches(Red), 60% Gaming Keyboard, Chroma RGB Lighting, PBT Keycaps, Onboard Memory - Black with price: 6499.0
Added item: Logitech G613 LIGHTSPEED Wireless Mechanical Gaming Keyboard, Multihost 2.4 GHz + Blutooth Connectivity - Black with price: 6299.0
Added item: Lenovo Legion H500 Pro 7.1 Surround Sound Gaming Headset. with price: 6199.0
Element not found within the given wait time: By.xpath: //*[@id='nav-cart-count' and text()='31']
Dialog did not appear, continuing normally.
All items added to cart:
Item Name: B0CDTSNHQP, Price: 12500.0
Item Name: B07PDFBJZD, Price: 7499.0
Item Name: B07DHNX18W, Price: 7499.0
Item Name: B0D31XQVRS, Price: 8499.0
Item Name: B0BGL7BYKD, Price: 7999.0
Item Name: B0C2C9NHZW, Price: 7700.0
Item Name: B07W5JKKFJ, Price: 8200.0
Item Name: B09HJYCX5X, Price: 8500.0
Item Name: B07796MBJ7, Price: 6299.0
Item Name: B0CCG2KHCB, Price: 10999.0
Item Name: B09ZLWH31W, Price: 7999.0
Item Name: B0CQQBZJF2, Price: 11809.0
Item Name: B085SKC29S, Price: 11900.0
Item Name: B07VNTFK87, Price: 7479.0
Item Name: B0CC6SQYX7, Price: 9999.0
Item Name: B0CVSLQYDM, Price: 7499.0
Item Name: B07SCPBC1B, Price: 6199.0
Item Name: B08HJ2T1JK, Price: 8990.0
Item Name: B07VNTFHD5, Price: 7703.0
Item Name: B083X2BM2C, Price: 12099.0
Item Name: B098V13J4Q, Price: 10499.0
Item Name: B07WW91FVX, Price: 8206.0
Item Name: B09LYWYDX4, Price: 7499.0
Item Name: B0C33MPSYM, Price: 6679.0
Item Name: B0BVKZ4DLT, Price: 10499.0
Item Name: B09C12Q8DX, Price: 7499.0
Item Name: B08FQPLCNC, Price: 6999.0
Item Name: B08FQR969J, Price: 6999.0
Item Name: B089SP45YC, Price: 6499.0
Item Name: B0C61F4R8Q, Price: 6999.0
]]></system-out>
    <system-err><![CDATA[SLF4J(W): No SLF4J providers were found.
SLF4J(W): Defaulting to no-operation (NOP) logger implementation
SLF4J(W): See https://www.slf4j.org/codes.html#noProviders for further details.
]]></system-err>
  </testcase>
</testsuite>